<?xml version="1.0" encoding="UTF-8"?>
<!-- Generated by org.testng.reporters.JUnitReportReporter -->
<testsuite skipped="0" hostname="DESKTOP-MSUD20F" name="project.LoginTest" tests="1" failures="0" timestamp="15 Feb 2019 06:41:30 GMT" time="0.014" errors="0">
  <testcase name="LogintTest" time="0.014" classname="project.LoginTest"/>
</testsuite> <!-- project.LoginTest -->
